2024-01-15 22:44:38,185 INFO  [restartedMain] RiportalApp: Starting RiportalApp on LenovoNikG3 with PID 26704 (C:\Users\nikol\git\riportal\target\classes started by nikola in C:\Users\nikol\git\riportal)
2024-01-15 22:44:38,187 DEBUG [restartedMain] RiportalApp: Running with Spring Boot v2.2.7.RELEASE, Spring v5.2.6.RELEASE
2024-01-15 22:44:38,187 INFO  [restartedMain] RiportalApp: The following profiles are active: dev,swagger
2024-01-15 22:44:40,290 DEBUG [restartedMain] InternalLoggerFactory: Using SLF4J as the default logging framework
2024-01-15 22:44:40,480 DEBUG [restartedMain] WebConfigurer: Registering CORS filter
2024-01-15 22:44:40,504 INFO  [restartedMain] WebConfigurer: Web application configuration, using profiles: dev
2024-01-15 22:44:40,505 INFO  [restartedMain] WebConfigurer: Web application fully configured
2024-01-15 22:44:40,711 DEBUG [restartedMain] Ehcache-usersByLogin: Initialize successful.
2024-01-15 22:44:40,725 DEBUG [restartedMain] Ehcache-usersByEmail: Initialize successful.
2024-01-15 22:44:40,727 DEBUG [restartedMain] User: Initialize successful.
2024-01-15 22:44:40,729 DEBUG [restartedMain] Authority: Initialize successful.
2024-01-15 22:44:40,730 DEBUG [restartedMain] authorities: Initialize successful.
2024-01-15 22:44:40,732 DEBUG [restartedMain] PortalUser: Initialize successful.
2024-01-15 22:44:40,733 DEBUG [restartedMain] managedOrganizations: Initialize successful.
2024-01-15 22:44:40,735 DEBUG [restartedMain] contactOrganizations: Initialize successful.
2024-01-15 22:44:40,737 DEBUG [restartedMain] managedInfrastructures: Initialize successful.
2024-01-15 22:44:40,739 DEBUG [restartedMain] contactInfrastructures: Initialize successful.
2024-01-15 22:44:40,740 DEBUG [restartedMain] requests: Initialize successful.
2024-01-15 22:44:40,742 DEBUG [restartedMain] calendars: Initialize successful.
2024-01-15 22:44:40,743 DEBUG [restartedMain] riProposals: Initialize successful.
2024-01-15 22:44:40,744 DEBUG [restartedMain] serviceProposals: Initialize successful.
2024-01-15 22:44:40,746 DEBUG [restartedMain] portalUserRoles: Initialize successful.
2024-01-15 22:44:40,747 DEBUG [restartedMain] PortalUserRole: Initialize successful.
2024-01-15 22:44:40,747 DEBUG [restartedMain] users: Initialize successful.
2024-01-15 22:44:40,749 DEBUG [restartedMain] PortalUserOrganization: Initialize successful.
2024-01-15 22:44:40,751 DEBUG [restartedMain] portalUsers: Initialize successful.
2024-01-15 22:44:40,752 DEBUG [restartedMain] requests: Initialize successful.
2024-01-15 22:44:40,754 DEBUG [restartedMain] PuoLegalStatus: Initialize successful.
2024-01-15 22:44:40,755 DEBUG [restartedMain] RiResearchOrganization: Initialize successful.
2024-01-15 22:44:40,756 DEBUG [restartedMain] infrastructures: Initialize successful.
2024-01-15 22:44:40,757 DEBUG [restartedMain] subdomains: Initialize successful.
2024-01-15 22:44:40,758 DEBUG [restartedMain] RipoActivityStatus: Initialize successful.
2024-01-15 22:44:40,759 DEBUG [restartedMain] ScientificDomain: Initialize successful.
2024-01-15 22:44:40,760 DEBUG [restartedMain] subdomains: Initialize successful.
2024-01-15 22:44:40,761 DEBUG [restartedMain] ScientificSubdomain: Initialize successful.
2024-01-15 22:44:40,761 DEBUG [restartedMain] organizations: Initialize successful.
2024-01-15 22:44:40,763 DEBUG [restartedMain] infrastructures: Initialize successful.
2024-01-15 22:44:40,764 DEBUG [restartedMain] services: Initialize successful.
2024-01-15 22:44:40,765 DEBUG [restartedMain] ResearchInfrastructure: Initialize successful.
2024-01-15 22:44:40,766 DEBUG [restartedMain] services: Initialize successful.
2024-01-15 22:44:40,767 DEBUG [restartedMain] calendars: Initialize successful.
2024-01-15 22:44:40,768 DEBUG [restartedMain] subdomains: Initialize successful.
2024-01-15 22:44:40,769 DEBUG [restartedMain] subcategories: Initialize successful.
2024-01-15 22:44:40,769 DEBUG [restartedMain] RiStatus: Initialize successful.
2024-01-15 22:44:40,770 DEBUG [restartedMain] RiCategory: Initialize successful.
2024-01-15 22:44:40,772 DEBUG [restartedMain] RiSubcategory: Initialize successful.
2024-01-15 22:44:40,773 DEBUG [restartedMain] infrastructures: Initialize successful.
2024-01-15 22:44:40,774 DEBUG [restartedMain] RiAccessType: Initialize successful.
2024-01-15 22:44:40,775 DEBUG [restartedMain] RiAccessMode: Initialize successful.
2024-01-15 22:44:40,776 DEBUG [restartedMain] RiService: Initialize successful.
2024-01-15 22:44:40,777 DEBUG [restartedMain] requests: Initialize successful.
2024-01-15 22:44:40,779 DEBUG [restartedMain] calendars: Initialize successful.
2024-01-15 22:44:40,780 DEBUG [restartedMain] subdomains: Initialize successful.
2024-01-15 22:44:40,781 DEBUG [restartedMain] ServiceType: Initialize successful.
2024-01-15 22:44:40,782 DEBUG [restartedMain] ServiceSubtype: Initialize successful.
2024-01-15 22:44:40,783 DEBUG [restartedMain] ServiceAccreditation: Initialize successful.
2024-01-15 22:44:40,784 DEBUG [restartedMain] ServiceAvailability: Initialize successful.
2024-01-15 22:44:40,786 DEBUG [restartedMain] RequestForService: Initialize successful.
2024-01-15 22:44:40,787 DEBUG [restartedMain] RequestRespond: Initialize successful.
2024-01-15 22:44:40,789 DEBUG [restartedMain] respondsToOffers: Initialize successful.
2024-01-15 22:44:40,791 DEBUG [restartedMain] RequestAnswer: Initialize successful.
2024-01-15 22:44:40,792 DEBUG [restartedMain] ServiceOfferRespond: Initialize successful.
2024-01-15 22:44:40,793 DEBUG [restartedMain] AnswerToOffer: Initialize successful.
2024-01-15 22:44:40,794 DEBUG [restartedMain] RiServiceStatus: Initialize successful.
2024-01-15 22:44:40,796 DEBUG [restartedMain] RiProcurementProposal: Initialize successful.
2024-01-15 22:44:40,797 DEBUG [restartedMain] ServiceProposal: Initialize successful.
2024-01-15 22:44:40,798 DEBUG [restartedMain] Researcher: Initialize successful.
2024-01-15 22:44:40,799 DEBUG [restartedMain] institutions: Initialize successful.
2024-01-15 22:44:40,801 DEBUG [restartedMain] ResearchInstitution: Initialize successful.
2024-01-15 22:44:40,802 DEBUG [restartedMain] researchers: Initialize successful.
2024-01-15 22:44:40,804 DEBUG [restartedMain] RiCalendar: Initialize successful.
2024-01-15 22:44:40,821 DEBUG [restartedMain] AsyncConfiguration: Creating Async Task Executor
2024-01-15 22:44:40,833 DEBUG [restartedMain] LiquibaseConfiguration: Configuring Liquibase
2024-01-15 22:44:40,985 WARN  [riportal-task-1] AsyncSpringLiquibase: Starting Liquibase asynchronously, your database might not be ready at startup!
2024-01-15 22:44:41,953 WARN  [restartedMain] cache: HHH90001006: Missing cache[riportal.domain.ServiceProposalsLikes] was created on-the-fly. The created cache will use a provider-specific default configuration: make sure you defined one. You can disable this warning by setting 'hibernate.javax.cache.missing_cache_strategy' to 'create'.
2024-01-15 22:44:41,959 DEBUG [restartedMain] ServiceProposalsLikes: Initialize successful.
2024-01-15 22:44:41,961 WARN  [restartedMain] cache: HHH90001006: Missing cache[riportal.domain.ResearchInfrastructure.images] was created on-the-fly. The created cache will use a provider-specific default configuration: make sure you defined one. You can disable this warning by setting 'hibernate.javax.cache.missing_cache_strategy' to 'create'.
2024-01-15 22:44:41,964 DEBUG [restartedMain] images: Initialize successful.
2024-01-15 22:44:41,966 WARN  [restartedMain] cache: HHH90001006: Missing cache[riportal.domain.InfrastructureImage] was created on-the-fly. The created cache will use a provider-specific default configuration: make sure you defined one. You can disable this warning by setting 'hibernate.javax.cache.missing_cache_strategy' to 'create'.
2024-01-15 22:44:41,968 DEBUG [restartedMain] InfrastructureImage: Initialize successful.
2024-01-15 22:44:41,969 WARN  [restartedMain] cache: HHH90001006: Missing cache[riportal.domain.PortalUserStatus] was created on-the-fly. The created cache will use a provider-specific default configuration: make sure you defined one. You can disable this warning by setting 'hibernate.javax.cache.missing_cache_strategy' to 'create'.
2024-01-15 22:44:41,969 DEBUG [restartedMain] PortalUserStatus: Initialize successful.
2024-01-15 22:44:41,970 WARN  [restartedMain] cache: HHH90001006: Missing cache[riportal.domain.InfrastructureProposalsLikes] was created on-the-fly. The created cache will use a provider-specific default configuration: make sure you defined one. You can disable this warning by setting 'hibernate.javax.cache.missing_cache_strategy' to 'create'.
2024-01-15 22:44:41,971 DEBUG [restartedMain] InfrastructureProposalsLikes: Initialize successful.
2024-01-15 22:44:41,972 WARN  [restartedMain] cache: HHH90001006: Missing cache[riportal.domain.RequestState] was created on-the-fly. The created cache will use a provider-specific default configuration: make sure you defined one. You can disable this warning by setting 'hibernate.javax.cache.missing_cache_strategy' to 'create'.
2024-01-15 22:44:41,973 DEBUG [restartedMain] RequestState: Initialize successful.
2024-01-15 22:44:42,660 DEBUG [restartedMain] FilesStorageServiceImpl: Enter: init() with argument[s] = []
2024-01-15 22:44:42,667 DEBUG [restartedMain] FilesStorageServiceImpl: Exit: init() with result = null
2024-01-15 22:44:42,758 DEBUG [restartedMain] TokenProvider: Using a Base64-encoded JWT secret key
2024-01-15 22:44:43,016 DEBUG [riportal-task-1] AsyncSpringLiquibase: Liquibase has updated your database in 2028 ms
2024-01-15 22:44:44,173 WARN  [restartedMain] NamedQuery: Finder method public abstract org.springframework.data.domain.Page riportal.repository.RiProcurementProposalRepository.findAllEditableForAdmin(org.springframework.data.domain.Pageable) is backed by a NamedQuery but contains a Pageable parameter! Sorting delivered via this Pageable will not be applied!
2024-01-15 22:44:44,178 WARN  [restartedMain] NamedQuery: Finder method public abstract org.springframework.data.domain.Page riportal.repository.RiProcurementProposalRepository.pronadjiAllEditableForUser(java.lang.Long,org.springframework.data.domain.Pageable) is backed by a NamedQuery but contains a Pageable parameter! Sorting delivered via this Pageable will not be applied!
2024-01-15 22:44:44,357 WARN  [restartedMain] NamedQuery: Finder method public abstract org.springframework.data.domain.Page riportal.repository.ServiceProposalRepository.findAllEditableForAdmin(org.springframework.data.domain.Pageable) is backed by a NamedQuery but contains a Pageable parameter! Sorting delivered via this Pageable will not be applied!
2024-01-15 22:44:44,359 WARN  [restartedMain] NamedQuery: Finder method public abstract org.springframework.data.domain.Page riportal.repository.ServiceProposalRepository.pronadjiAllEditableForUser(java.lang.Long,org.springframework.data.domain.Pageable) is backed by a NamedQuery but contains a Pageable parameter! Sorting delivered via this Pageable will not be applied!
2024-01-15 22:44:44,998 DEBUG [restartedMain] SwaggerAutoConfiguration: Starting Swagger
2024-01-15 22:44:45,003 DEBUG [restartedMain] SwaggerAutoConfiguration: Started Swagger in 4 ms
2024-01-15 22:44:46,609 INFO  [restartedMain] RiportalApp: Started RiportalApp in 8.904 seconds (JVM running for 9.49)
2024-01-15 22:44:46,614 INFO  [restartedMain] RiportalApp: 
----------------------------------------------------------
	Application 'riportal' is running! Access URLs:
	Local: 		http://localhost:8080/
	External: 	http://192.168.0.39:8080/
	Profile(s): 	[dev, swagger]
----------------------------------------------------------
2024-01-15 22:47:01,331 DEBUG [XNIO-1 task-15] CustomAuditEventRepository: Enter: add() with argument[s] = [AuditEvent [timestamp=2024-01-15T21:47:01.320483700Z, principal=anonymousUser, type=AUTHORIZATION_FAILURE, data={details=org.springframework.security.web.authentication.WebAuthenticationDetails@1de6: RemoteIpAddress: 192.168.0.39; SessionId: null, type=org.springframework.security.access.AccessDeniedException, message=Access is denied}]]
2024-01-15 22:47:01,333 DEBUG [XNIO-1 task-15] CustomAuditEventRepository: Exit: add() with result = null
2024-01-15 22:47:01,342 WARN  [XNIO-1 task-15] AdviceTraits: Unauthorized: Full authentication is required to access this resource
2024-01-15 22:47:01,377 WARN  [XNIO-1 task-15] ExceptionHandlerExceptionResolver: Resolved [org.springframework.security.authentication.InsufficientAuthenticationException: Full authentication is required to access this resource]
2024-01-15 22:47:01,425 DEBUG [XNIO-1 task-16] RiServiceResource: Enter: countRiServicesPregled() with argument[s] = []
2024-01-15 22:47:01,427 DEBUG [XNIO-1 task-17] ResearchInfrastructureResource: Enter: countResearchInfrastructurePregled() with argument[s] = []
2024-01-15 22:47:01,427 DEBUG [XNIO-1 task-16] RiServiceResource: REST request to get count of riservices: {}
2024-01-15 22:47:01,428 DEBUG [XNIO-1 task-16] RiServiceService: Enter: countAll() with argument[s] = []
2024-01-15 22:47:01,429 DEBUG [XNIO-1 task-17] ResearchInfrastructureResource: REST request to get ResearchInfrastructure : {}
2024-01-15 22:47:01,430 DEBUG [XNIO-1 task-18] PortalUserOrganizationResource: Enter: countPortalUserOrganizationsPregled() with argument[s] = []
2024-01-15 22:47:01,430 DEBUG [XNIO-1 task-17] ResearchInfrastructureService: Enter: countAll() with argument[s] = []
2024-01-15 22:47:01,431 DEBUG [XNIO-1 task-18] PortalUserOrganizationResource: REST request to get count of organizations: {}
2024-01-15 22:47:01,434 DEBUG [XNIO-1 task-19] PortalUserResource: Enter: countPortalUsersPregled() with argument[s] = []
2024-01-15 22:47:01,437 DEBUG [XNIO-1 task-19] PortalUserResource: REST request to get count of portal users: {}
2024-01-15 22:47:01,437 DEBUG [XNIO-1 task-19] PortalUserService: Enter: countAll() with argument[s] = []
2024-01-15 22:47:01,461 DEBUG [XNIO-1 task-16] RiServiceService: Exit: countAll() with result = 0
2024-01-15 22:47:01,461 DEBUG [XNIO-1 task-19] PortalUserService: Exit: countAll() with result = 0
2024-01-15 22:47:01,461 DEBUG [XNIO-1 task-17] ResearchInfrastructureService: Exit: countAll() with result = 0
2024-01-15 22:47:01,461 DEBUG [XNIO-1 task-18] PortalUserOrganizationResource: Exit: countPortalUserOrganizationsPregled() with result = <200 OK OK,0,[]>
2024-01-15 22:47:01,462 DEBUG [XNIO-1 task-19] PortalUserResource: Exit: countPortalUsersPregled() with result = <200 OK OK,0,[]>
2024-01-15 22:47:01,462 DEBUG [XNIO-1 task-17] ResearchInfrastructureResource: Exit: countResearchInfrastructurePregled() with result = <200 OK OK,0,[]>
2024-01-15 22:47:01,464 DEBUG [XNIO-1 task-16] RiServiceResource: Exit: countRiServicesPregled() with result = <200 OK OK,0,[]>
2024-01-15 23:02:15,893 DEBUG [XNIO-1 task-32] CustomAuditEventRepository: Enter: add() with argument[s] = [AuditEvent [timestamp=2024-01-15T22:02:15.893152800Z, principal=anonymousUser, type=AUTHORIZATION_FAILURE, data={details=org.springframework.security.web.authentication.WebAuthenticationDetails@957e: RemoteIpAddress: 127.0.0.1; SessionId: null, type=org.springframework.security.access.AccessDeniedException, message=Access is denied}]]
2024-01-15 23:02:15,894 DEBUG [XNIO-1 task-32] CustomAuditEventRepository: Exit: add() with result = null
2024-01-15 23:02:15,896 WARN  [XNIO-1 task-32] AdviceTraits: Unauthorized: Full authentication is required to access this resource
2024-01-15 23:02:15,898 WARN  [XNIO-1 task-32] ExceptionHandlerExceptionResolver: Resolved [org.springframework.security.authentication.InsufficientAuthenticationException: Full authentication is required to access this resource]
2024-01-15 23:02:15,965 DEBUG [XNIO-1 task-34] RiServiceResource: Enter: countRiServicesPregled() with argument[s] = []
2024-01-15 23:02:15,965 DEBUG [XNIO-1 task-33] ResearchInfrastructureResource: Enter: countResearchInfrastructurePregled() with argument[s] = []
2024-01-15 23:02:15,966 DEBUG [XNIO-1 task-34] RiServiceResource: REST request to get count of riservices: {}
2024-01-15 23:02:15,966 DEBUG [XNIO-1 task-33] ResearchInfrastructureResource: REST request to get ResearchInfrastructure : {}
2024-01-15 23:02:15,966 DEBUG [XNIO-1 task-34] RiServiceService: Enter: countAll() with argument[s] = []
2024-01-15 23:02:15,966 DEBUG [XNIO-1 task-33] ResearchInfrastructureService: Enter: countAll() with argument[s] = []
2024-01-15 23:02:15,970 DEBUG [XNIO-1 task-34] RiServiceService: Exit: countAll() with result = 0
2024-01-15 23:02:15,970 DEBUG [XNIO-1 task-33] ResearchInfrastructureService: Exit: countAll() with result = 0
2024-01-15 23:02:15,971 DEBUG [XNIO-1 task-35] PortalUserOrganizationResource: Enter: countPortalUserOrganizationsPregled() with argument[s] = []
2024-01-15 23:02:15,971 DEBUG [XNIO-1 task-35] PortalUserOrganizationResource: REST request to get count of organizations: {}
2024-01-15 23:02:15,971 DEBUG [XNIO-1 task-34] RiServiceResource: Exit: countRiServicesPregled() with result = <200 OK OK,0,[]>
2024-01-15 23:02:15,972 DEBUG [XNIO-1 task-33] ResearchInfrastructureResource: Exit: countResearchInfrastructurePregled() with result = <200 OK OK,0,[]>
2024-01-15 23:02:15,972 DEBUG [XNIO-1 task-36] PortalUserResource: Enter: countPortalUsersPregled() with argument[s] = []
2024-01-15 23:02:15,972 DEBUG [XNIO-1 task-36] PortalUserResource: REST request to get count of portal users: {}
2024-01-15 23:02:15,973 DEBUG [XNIO-1 task-36] PortalUserService: Enter: countAll() with argument[s] = []
2024-01-15 23:02:15,973 DEBUG [XNIO-1 task-35] PortalUserOrganizationResource: Exit: countPortalUserOrganizationsPregled() with result = <200 OK OK,0,[]>
2024-01-15 23:02:15,977 DEBUG [XNIO-1 task-36] PortalUserService: Exit: countAll() with result = 0
2024-01-15 23:02:15,979 DEBUG [XNIO-1 task-36] PortalUserResource: Exit: countPortalUsersPregled() with result = <200 OK OK,0,[]>
2024-01-15 23:03:46,776 DEBUG [XNIO-1 task-38] CustomAuditEventRepository: Enter: add() with argument[s] = [AuditEvent [timestamp=2024-01-15T22:03:46.776037800Z, principal=anonymousUser, type=AUTHORIZATION_FAILURE, data={details=org.springframework.security.web.authentication.WebAuthenticationDetails@957e: RemoteIpAddress: 127.0.0.1; SessionId: null, type=org.springframework.security.access.AccessDeniedException, message=Access is denied}]]
2024-01-15 23:03:46,777 DEBUG [XNIO-1 task-38] CustomAuditEventRepository: Exit: add() with result = null
2024-01-15 23:03:46,778 WARN  [XNIO-1 task-38] AdviceTraits: Unauthorized: Full authentication is required to access this resource
2024-01-15 23:03:46,778 WARN  [XNIO-1 task-38] ExceptionHandlerExceptionResolver: Resolved [org.springframework.security.authentication.InsufficientAuthenticationException: Full authentication is required to access this resource]
2024-01-15 23:03:46,842 DEBUG [XNIO-1 task-39] ResearchInfrastructureResource: Enter: countResearchInfrastructurePregled() with argument[s] = []
2024-01-15 23:03:46,842 DEBUG [XNIO-1 task-40] RiServiceResource: Enter: countRiServicesPregled() with argument[s] = []
2024-01-15 23:03:46,842 DEBUG [XNIO-1 task-42] PortalUserResource: Enter: countPortalUsersPregled() with argument[s] = []
2024-01-15 23:03:46,842 DEBUG [XNIO-1 task-41] PortalUserOrganizationResource: Enter: countPortalUserOrganizationsPregled() with argument[s] = []
2024-01-15 23:03:46,842 DEBUG [XNIO-1 task-39] ResearchInfrastructureResource: REST request to get ResearchInfrastructure : {}
2024-01-15 23:03:46,843 DEBUG [XNIO-1 task-41] PortalUserOrganizationResource: REST request to get count of organizations: {}
2024-01-15 23:03:46,843 DEBUG [XNIO-1 task-42] PortalUserResource: REST request to get count of portal users: {}
2024-01-15 23:03:46,843 DEBUG [XNIO-1 task-39] ResearchInfrastructureService: Enter: countAll() with argument[s] = []
2024-01-15 23:03:46,842 DEBUG [XNIO-1 task-40] RiServiceResource: REST request to get count of riservices: {}
2024-01-15 23:03:46,843 DEBUG [XNIO-1 task-40] RiServiceService: Enter: countAll() with argument[s] = []
2024-01-15 23:03:46,843 DEBUG [XNIO-1 task-42] PortalUserService: Enter: countAll() with argument[s] = []
2024-01-15 23:03:46,844 DEBUG [XNIO-1 task-39] ResearchInfrastructureService: Exit: countAll() with result = 0
2024-01-15 23:03:46,845 DEBUG [XNIO-1 task-41] PortalUserOrganizationResource: Exit: countPortalUserOrganizationsPregled() with result = <200 OK OK,0,[]>
2024-01-15 23:03:46,845 DEBUG [XNIO-1 task-39] ResearchInfrastructureResource: Exit: countResearchInfrastructurePregled() with result = <200 OK OK,0,[]>
2024-01-15 23:03:46,847 DEBUG [XNIO-1 task-42] PortalUserService: Exit: countAll() with result = 0
2024-01-15 23:03:46,847 DEBUG [XNIO-1 task-40] RiServiceService: Exit: countAll() with result = 0
2024-01-15 23:03:46,850 DEBUG [XNIO-1 task-42] PortalUserResource: Exit: countPortalUsersPregled() with result = <200 OK OK,0,[]>
2024-01-15 23:03:46,851 DEBUG [XNIO-1 task-40] RiServiceResource: Exit: countRiServicesPregled() with result = <200 OK OK,0,[]>
2024-01-15 23:08:01,393 INFO  [restartedMain] RiportalApp: Starting RiportalApp on LenovoNikG3 with PID 26648 (C:\Users\nikol\git\riportal\target\classes started by nikola in C:\Users\nikol\git\riportal)
2024-01-15 23:08:01,395 DEBUG [restartedMain] RiportalApp: Running with Spring Boot v2.2.7.RELEASE, Spring v5.2.6.RELEASE
2024-01-15 23:08:01,395 INFO  [restartedMain] RiportalApp: The following profiles are active: dev,swagger
2024-01-15 23:08:03,335 DEBUG [restartedMain] InternalLoggerFactory: Using SLF4J as the default logging framework
2024-01-15 23:08:03,513 DEBUG [restartedMain] WebConfigurer: Registering CORS filter
2024-01-15 23:08:03,537 INFO  [restartedMain] WebConfigurer: Web application configuration, using profiles: dev
2024-01-15 23:08:03,538 INFO  [restartedMain] WebConfigurer: Web application fully configured
2024-01-15 23:08:03,717 DEBUG [restartedMain] Ehcache-usersByLogin: Initialize successful.
2024-01-15 23:08:03,730 DEBUG [restartedMain] Ehcache-usersByEmail: Initialize successful.
2024-01-15 23:08:03,731 DEBUG [restartedMain] User: Initialize successful.
2024-01-15 23:08:03,734 DEBUG [restartedMain] Authority: Initialize successful.
2024-01-15 23:08:03,735 DEBUG [restartedMain] authorities: Initialize successful.
2024-01-15 23:08:03,737 DEBUG [restartedMain] PortalUser: Initialize successful.
2024-01-15 23:08:03,739 DEBUG [restartedMain] managedOrganizations: Initialize successful.
2024-01-15 23:08:03,740 DEBUG [restartedMain] contactOrganizations: Initialize successful.
2024-01-15 23:08:03,741 DEBUG [restartedMain] managedInfrastructures: Initialize successful.
2024-01-15 23:08:03,744 DEBUG [restartedMain] contactInfrastructures: Initialize successful.
2024-01-15 23:08:03,746 DEBUG [restartedMain] requests: Initialize successful.
2024-01-15 23:08:03,747 DEBUG [restartedMain] calendars: Initialize successful.
2024-01-15 23:08:03,749 DEBUG [restartedMain] riProposals: Initialize successful.
2024-01-15 23:08:03,750 DEBUG [restartedMain] serviceProposals: Initialize successful.
2024-01-15 23:08:03,751 DEBUG [restartedMain] portalUserRoles: Initialize successful.
2024-01-15 23:08:03,753 DEBUG [restartedMain] PortalUserRole: Initialize successful.
2024-01-15 23:08:03,754 DEBUG [restartedMain] users: Initialize successful.
2024-01-15 23:08:03,755 DEBUG [restartedMain] PortalUserOrganization: Initialize successful.
2024-01-15 23:08:03,757 DEBUG [restartedMain] portalUsers: Initialize successful.
2024-01-15 23:08:03,758 DEBUG [restartedMain] requests: Initialize successful.
2024-01-15 23:08:03,759 DEBUG [restartedMain] PuoLegalStatus: Initialize successful.
2024-01-15 23:08:03,761 DEBUG [restartedMain] RiResearchOrganization: Initialize successful.
2024-01-15 23:08:03,762 DEBUG [restartedMain] infrastructures: Initialize successful.
2024-01-15 23:08:03,763 DEBUG [restartedMain] subdomains: Initialize successful.
2024-01-15 23:08:03,764 DEBUG [restartedMain] RipoActivityStatus: Initialize successful.
2024-01-15 23:08:03,765 DEBUG [restartedMain] ScientificDomain: Initialize successful.
2024-01-15 23:08:03,766 DEBUG [restartedMain] subdomains: Initialize successful.
2024-01-15 23:08:03,767 DEBUG [restartedMain] ScientificSubdomain: Initialize successful.
2024-01-15 23:08:03,768 DEBUG [restartedMain] organizations: Initialize successful.
2024-01-15 23:08:03,769 DEBUG [restartedMain] infrastructures: Initialize successful.
2024-01-15 23:08:03,771 DEBUG [restartedMain] services: Initialize successful.
2024-01-15 23:08:03,771 DEBUG [restartedMain] ResearchInfrastructure: Initialize successful.
2024-01-15 23:08:03,773 DEBUG [restartedMain] services: Initialize successful.
2024-01-15 23:08:03,774 DEBUG [restartedMain] calendars: Initialize successful.
2024-01-15 23:08:03,775 DEBUG [restartedMain] subdomains: Initialize successful.
2024-01-15 23:08:03,776 DEBUG [restartedMain] subcategories: Initialize successful.
2024-01-15 23:08:03,777 DEBUG [restartedMain] RiStatus: Initialize successful.
2024-01-15 23:08:03,778 DEBUG [restartedMain] RiCategory: Initialize successful.
2024-01-15 23:08:03,779 DEBUG [restartedMain] RiSubcategory: Initialize successful.
2024-01-15 23:08:03,780 DEBUG [restartedMain] infrastructures: Initialize successful.
2024-01-15 23:08:03,781 DEBUG [restartedMain] RiAccessType: Initialize successful.
2024-01-15 23:08:03,781 DEBUG [restartedMain] RiAccessMode: Initialize successful.
2024-01-15 23:08:03,783 DEBUG [restartedMain] RiService: Initialize successful.
2024-01-15 23:08:03,784 DEBUG [restartedMain] requests: Initialize successful.
2024-01-15 23:08:03,785 DEBUG [restartedMain] calendars: Initialize successful.
2024-01-15 23:08:03,786 DEBUG [restartedMain] subdomains: Initialize successful.
2024-01-15 23:08:03,787 DEBUG [restartedMain] ServiceType: Initialize successful.
2024-01-15 23:08:03,788 DEBUG [restartedMain] ServiceSubtype: Initialize successful.
2024-01-15 23:08:03,789 DEBUG [restartedMain] ServiceAccreditation: Initialize successful.
2024-01-15 23:08:03,789 DEBUG [restartedMain] ServiceAvailability: Initialize successful.
2024-01-15 23:08:03,790 DEBUG [restartedMain] RequestForService: Initialize successful.
2024-01-15 23:08:03,791 DEBUG [restartedMain] RequestRespond: Initialize successful.
2024-01-15 23:08:03,792 DEBUG [restartedMain] respondsToOffers: Initialize successful.
2024-01-15 23:08:03,793 DEBUG [restartedMain] RequestAnswer: Initialize successful.
2024-01-15 23:08:03,793 DEBUG [restartedMain] ServiceOfferRespond: Initialize successful.
2024-01-15 23:08:03,794 DEBUG [restartedMain] AnswerToOffer: Initialize successful.
2024-01-15 23:08:03,795 DEBUG [restartedMain] RiServiceStatus: Initialize successful.
2024-01-15 23:08:03,796 DEBUG [restartedMain] RiProcurementProposal: Initialize successful.
2024-01-15 23:08:03,797 DEBUG [restartedMain] ServiceProposal: Initialize successful.
2024-01-15 23:08:03,798 DEBUG [restartedMain] Researcher: Initialize successful.
2024-01-15 23:08:03,799 DEBUG [restartedMain] institutions: Initialize successful.
2024-01-15 23:08:03,800 DEBUG [restartedMain] ResearchInstitution: Initialize successful.
2024-01-15 23:08:03,800 DEBUG [restartedMain] researchers: Initialize successful.
2024-01-15 23:08:03,801 DEBUG [restartedMain] RiCalendar: Initialize successful.
2024-01-15 23:08:03,818 DEBUG [restartedMain] AsyncConfiguration: Creating Async Task Executor
2024-01-15 23:08:03,829 DEBUG [restartedMain] LiquibaseConfiguration: Configuring Liquibase
2024-01-15 23:08:04,068 WARN  [riportal-task-1] AsyncSpringLiquibase: Starting Liquibase asynchronously, your database might not be ready at startup!
2024-01-15 23:08:04,814 WARN  [restartedMain] cache: HHH90001006: Missing cache[riportal.domain.InfrastructureProposalsLikes] was created on-the-fly. The created cache will use a provider-specific default configuration: make sure you defined one. You can disable this warning by setting 'hibernate.javax.cache.missing_cache_strategy' to 'create'.
2024-01-15 23:08:04,818 DEBUG [restartedMain] InfrastructureProposalsLikes: Initialize successful.
2024-01-15 23:08:04,819 WARN  [restartedMain] cache: HHH90001006: Missing cache[riportal.domain.RequestState] was created on-the-fly. The created cache will use a provider-specific default configuration: make sure you defined one. You can disable this warning by setting 'hibernate.javax.cache.missing_cache_strategy' to 'create'.
2024-01-15 23:08:04,820 DEBUG [restartedMain] RequestState: Initialize successful.
2024-01-15 23:08:04,821 WARN  [restartedMain] cache: HHH90001006: Missing cache[riportal.domain.ResearchInfrastructure.images] was created on-the-fly. The created cache will use a provider-specific default configuration: make sure you defined one. You can disable this warning by setting 'hibernate.javax.cache.missing_cache_strategy' to 'create'.
2024-01-15 23:08:04,821 DEBUG [restartedMain] images: Initialize successful.
2024-01-15 23:08:04,823 WARN  [restartedMain] cache: HHH90001006: Missing cache[riportal.domain.InfrastructureImage] was created on-the-fly. The created cache will use a provider-specific default configuration: make sure you defined one. You can disable this warning by setting 'hibernate.javax.cache.missing_cache_strategy' to 'create'.
2024-01-15 23:08:04,823 DEBUG [restartedMain] InfrastructureImage: Initialize successful.
2024-01-15 23:08:04,824 WARN  [restartedMain] cache: HHH90001006: Missing cache[riportal.domain.ServiceProposalsLikes] was created on-the-fly. The created cache will use a provider-specific default configuration: make sure you defined one. You can disable this warning by setting 'hibernate.javax.cache.missing_cache_strategy' to 'create'.
2024-01-15 23:08:04,824 DEBUG [restartedMain] ServiceProposalsLikes: Initialize successful.
2024-01-15 23:08:04,825 WARN  [restartedMain] cache: HHH90001006: Missing cache[riportal.domain.PortalUserStatus] was created on-the-fly. The created cache will use a provider-specific default configuration: make sure you defined one. You can disable this warning by setting 'hibernate.javax.cache.missing_cache_strategy' to 'create'.
2024-01-15 23:08:04,826 DEBUG [restartedMain] PortalUserStatus: Initialize successful.
2024-01-15 23:08:05,408 DEBUG [restartedMain] FilesStorageServiceImpl: Enter: init() with argument[s] = []
2024-01-15 23:08:05,413 DEBUG [restartedMain] FilesStorageServiceImpl: Exit: init() with result = null
2024-01-15 23:08:05,496 DEBUG [restartedMain] TokenProvider: Using a Base64-encoded JWT secret key
2024-01-15 23:08:05,765 DEBUG [riportal-task-1] AsyncSpringLiquibase: Liquibase has updated your database in 1695 ms
2024-01-15 23:08:06,875 WARN  [restartedMain] NamedQuery: Finder method public abstract org.springframework.data.domain.Page riportal.repository.RiProcurementProposalRepository.findAllEditableForAdmin(org.springframework.data.domain.Pageable) is backed by a NamedQuery but contains a Pageable parameter! Sorting delivered via this Pageable will not be applied!
2024-01-15 23:08:06,880 WARN  [restartedMain] NamedQuery: Finder method public abstract org.springframework.data.domain.Page riportal.repository.RiProcurementProposalRepository.pronadjiAllEditableForUser(java.lang.Long,org.springframework.data.domain.Pageable) is backed by a NamedQuery but contains a Pageable parameter! Sorting delivered via this Pageable will not be applied!
2024-01-15 23:08:07,061 WARN  [restartedMain] NamedQuery: Finder method public abstract org.springframework.data.domain.Page riportal.repository.ServiceProposalRepository.findAllEditableForAdmin(org.springframework.data.domain.Pageable) is backed by a NamedQuery but contains a Pageable parameter! Sorting delivered via this Pageable will not be applied!
2024-01-15 23:08:07,064 WARN  [restartedMain] NamedQuery: Finder method public abstract org.springframework.data.domain.Page riportal.repository.ServiceProposalRepository.pronadjiAllEditableForUser(java.lang.Long,org.springframework.data.domain.Pageable) is backed by a NamedQuery but contains a Pageable parameter! Sorting delivered via this Pageable will not be applied!
2024-01-15 23:08:07,699 DEBUG [restartedMain] SwaggerAutoConfiguration: Starting Swagger
2024-01-15 23:08:07,705 DEBUG [restartedMain] SwaggerAutoConfiguration: Started Swagger in 5 ms
2024-01-15 23:08:09,335 INFO  [restartedMain] RiportalApp: Started RiportalApp in 8.369 seconds (JVM running for 8.873)
2024-01-15 23:08:09,340 INFO  [restartedMain] RiportalApp: 
----------------------------------------------------------
	Application 'riportal' is running! Access URLs:
	Local: 		http://localhost:8080/
	External: 	http://192.168.0.39:8080/
	Profile(s): 	[dev, swagger]
----------------------------------------------------------
2024-01-15 23:09:09,360 DEBUG [XNIO-1 task-19] CustomAuditEventRepository: Enter: add() with argument[s] = [AuditEvent [timestamp=2024-01-15T22:09:09.354245900Z, principal=anonymousUser, type=AUTHORIZATION_FAILURE, data={details=org.springframework.security.web.authentication.WebAuthenticationDetails@b364: RemoteIpAddress: 0:0:0:0:0:0:0:1; SessionId: null, type=org.springframework.security.access.AccessDeniedException, message=Access is denied}]]
2024-01-15 23:09:09,363 DEBUG [XNIO-1 task-19] CustomAuditEventRepository: Exit: add() with result = null
2024-01-15 23:09:09,373 WARN  [XNIO-1 task-19] AdviceTraits: Unauthorized: Full authentication is required to access this resource
2024-01-15 23:09:09,394 DEBUG [XNIO-1 task-22] RiServiceResource: Enter: countRiServicesPregled() with argument[s] = []
2024-01-15 23:09:09,394 DEBUG [XNIO-1 task-25] PortalUserResource: Enter: countPortalUsersPregled() with argument[s] = []
2024-01-15 23:09:09,394 DEBUG [XNIO-1 task-24] ResearchInfrastructureResource: Enter: countResearchInfrastructurePregled() with argument[s] = []
2024-01-15 23:09:09,394 DEBUG [XNIO-1 task-23] PortalUserOrganizationResource: Enter: countPortalUserOrganizationsPregled() with argument[s] = []
2024-01-15 23:09:09,396 DEBUG [XNIO-1 task-25] PortalUserResource: REST request to get count of portal users: {}
2024-01-15 23:09:09,396 DEBUG [XNIO-1 task-24] ResearchInfrastructureResource: REST request to get ResearchInfrastructure : {}
2024-01-15 23:09:09,396 DEBUG [XNIO-1 task-25] PortalUserService: Enter: countAll() with argument[s] = []
2024-01-15 23:09:09,396 DEBUG [XNIO-1 task-24] ResearchInfrastructureService: Enter: countAll() with argument[s] = []
2024-01-15 23:09:09,396 DEBUG [XNIO-1 task-22] RiServiceResource: REST request to get count of riservices: {}
2024-01-15 23:09:09,396 DEBUG [XNIO-1 task-23] PortalUserOrganizationResource: REST request to get count of organizations: {}
2024-01-15 23:09:09,396 DEBUG [XNIO-1 task-22] RiServiceService: Enter: countAll() with argument[s] = []
2024-01-15 23:09:09,411 WARN  [XNIO-1 task-19] ExceptionHandlerExceptionResolver: Resolved [org.springframework.security.authentication.InsufficientAuthenticationException: Full authentication is required to access this resource]
2024-01-15 23:09:09,422 DEBUG [XNIO-1 task-22] RiServiceService: Exit: countAll() with result = 0
2024-01-15 23:09:09,422 DEBUG [XNIO-1 task-24] ResearchInfrastructureService: Exit: countAll() with result = 0
2024-01-15 23:09:09,422 DEBUG [XNIO-1 task-25] PortalUserService: Exit: countAll() with result = 0
2024-01-15 23:09:09,422 DEBUG [XNIO-1 task-23] PortalUserOrganizationResource: Exit: countPortalUserOrganizationsPregled() with result = <200 OK OK,0,[]>
2024-01-15 23:09:09,425 DEBUG [XNIO-1 task-25] PortalUserResource: Exit: countPortalUsersPregled() with result = <200 OK OK,0,[]>
2024-01-15 23:09:09,425 DEBUG [XNIO-1 task-22] RiServiceResource: Exit: countRiServicesPregled() with result = <200 OK OK,0,[]>
2024-01-15 23:09:09,425 DEBUG [XNIO-1 task-24] ResearchInfrastructureResource: Exit: countResearchInfrastructurePregled() with result = <200 OK OK,0,[]>
2024-01-15 23:21:55,580 INFO  [restartedMain] RiportalApp: Starting RiportalApp on LenovoNikG3 with PID 26852 (C:\Users\nikol\git\riportal\target\classes started by nikola in C:\Users\nikol\git\riportal)
2024-01-15 23:21:55,582 DEBUG [restartedMain] RiportalApp: Running with Spring Boot v2.2.7.RELEASE, Spring v5.2.6.RELEASE
2024-01-15 23:21:55,583 INFO  [restartedMain] RiportalApp: The following profiles are active: dev,swagger
2024-01-15 23:21:57,625 DEBUG [restartedMain] InternalLoggerFactory: Using SLF4J as the default logging framework
2024-01-15 23:21:57,827 DEBUG [restartedMain] WebConfigurer: Registering CORS filter
2024-01-15 23:21:57,851 INFO  [restartedMain] WebConfigurer: Web application configuration, using profiles: dev
2024-01-15 23:21:57,852 INFO  [restartedMain] WebConfigurer: Web application fully configured
2024-01-15 23:21:58,059 DEBUG [restartedMain] Ehcache-usersByLogin: Initialize successful.
2024-01-15 23:21:58,074 DEBUG [restartedMain] Ehcache-usersByEmail: Initialize successful.
2024-01-15 23:21:58,077 DEBUG [restartedMain] User: Initialize successful.
2024-01-15 23:21:58,078 DEBUG [restartedMain] Authority: Initialize successful.
2024-01-15 23:21:58,081 DEBUG [restartedMain] authorities: Initialize successful.
2024-01-15 23:21:58,082 DEBUG [restartedMain] PortalUser: Initialize successful.
2024-01-15 23:21:58,084 DEBUG [restartedMain] managedOrganizations: Initialize successful.
2024-01-15 23:21:58,087 DEBUG [restartedMain] contactOrganizations: Initialize successful.
2024-01-15 23:21:58,088 DEBUG [restartedMain] managedInfrastructures: Initialize successful.
2024-01-15 23:21:58,091 DEBUG [restartedMain] contactInfrastructures: Initialize successful.
2024-01-15 23:21:58,092 DEBUG [restartedMain] requests: Initialize successful.
2024-01-15 23:21:58,094 DEBUG [restartedMain] calendars: Initialize successful.
2024-01-15 23:21:58,095 DEBUG [restartedMain] riProposals: Initialize successful.
2024-01-15 23:21:58,097 DEBUG [restartedMain] serviceProposals: Initialize successful.
2024-01-15 23:21:58,098 DEBUG [restartedMain] portalUserRoles: Initialize successful.
2024-01-15 23:21:58,099 DEBUG [restartedMain] PortalUserRole: Initialize successful.
2024-01-15 23:21:58,100 DEBUG [restartedMain] users: Initialize successful.
2024-01-15 23:21:58,102 DEBUG [restartedMain] PortalUserOrganization: Initialize successful.
2024-01-15 23:21:58,104 DEBUG [restartedMain] portalUsers: Initialize successful.
2024-01-15 23:21:58,105 DEBUG [restartedMain] requests: Initialize successful.
2024-01-15 23:21:58,106 DEBUG [restartedMain] PuoLegalStatus: Initialize successful.
2024-01-15 23:21:58,107 DEBUG [restartedMain] RiResearchOrganization: Initialize successful.
2024-01-15 23:21:58,109 DEBUG [restartedMain] infrastructures: Initialize successful.
2024-01-15 23:21:58,109 DEBUG [restartedMain] subdomains: Initialize successful.
2024-01-15 23:21:58,112 DEBUG [restartedMain] RipoActivityStatus: Initialize successful.
2024-01-15 23:21:58,112 DEBUG [restartedMain] ScientificDomain: Initialize successful.
2024-01-15 23:21:58,113 DEBUG [restartedMain] subdomains: Initialize successful.
2024-01-15 23:21:58,114 DEBUG [restartedMain] ScientificSubdomain: Initialize successful.
2024-01-15 23:21:58,115 DEBUG [restartedMain] organizations: Initialize successful.
2024-01-15 23:21:58,116 DEBUG [restartedMain] infrastructures: Initialize successful.
2024-01-15 23:21:58,118 DEBUG [restartedMain] services: Initialize successful.
2024-01-15 23:21:58,120 DEBUG [restartedMain] ResearchInfrastructure: Initialize successful.
2024-01-15 23:21:58,121 DEBUG [restartedMain] services: Initialize successful.
2024-01-15 23:21:58,121 DEBUG [restartedMain] calendars: Initialize successful.
2024-01-15 23:21:58,123 DEBUG [restartedMain] subdomains: Initialize successful.
2024-01-15 23:21:58,124 DEBUG [restartedMain] subcategories: Initialize successful.
2024-01-15 23:21:58,125 DEBUG [restartedMain] RiStatus: Initialize successful.
2024-01-15 23:21:58,126 DEBUG [restartedMain] RiCategory: Initialize successful.
2024-01-15 23:21:58,127 DEBUG [restartedMain] RiSubcategory: Initialize successful.
2024-01-15 23:21:58,128 DEBUG [restartedMain] infrastructures: Initialize successful.
2024-01-15 23:21:58,129 DEBUG [restartedMain] RiAccessType: Initialize successful.
2024-01-15 23:21:58,130 DEBUG [restartedMain] RiAccessMode: Initialize successful.
2024-01-15 23:21:58,131 DEBUG [restartedMain] RiService: Initialize successful.
2024-01-15 23:21:58,132 DEBUG [restartedMain] requests: Initialize successful.
2024-01-15 23:21:58,133 DEBUG [restartedMain] calendars: Initialize successful.
2024-01-15 23:21:58,134 DEBUG [restartedMain] subdomains: Initialize successful.
2024-01-15 23:21:58,135 DEBUG [restartedMain] ServiceType: Initialize successful.
2024-01-15 23:21:58,137 DEBUG [restartedMain] ServiceSubtype: Initialize successful.
2024-01-15 23:21:58,138 DEBUG [restartedMain] ServiceAccreditation: Initialize successful.
2024-01-15 23:21:58,138 DEBUG [restartedMain] ServiceAvailability: Initialize successful.
2024-01-15 23:21:58,140 DEBUG [restartedMain] RequestForService: Initialize successful.
2024-01-15 23:21:58,141 DEBUG [restartedMain] RequestRespond: Initialize successful.
2024-01-15 23:21:58,142 DEBUG [restartedMain] respondsToOffers: Initialize successful.
2024-01-15 23:21:58,143 DEBUG [restartedMain] RequestAnswer: Initialize successful.
2024-01-15 23:21:58,144 DEBUG [restartedMain] ServiceOfferRespond: Initialize successful.
2024-01-15 23:21:58,145 DEBUG [restartedMain] AnswerToOffer: Initialize successful.
2024-01-15 23:21:58,146 DEBUG [restartedMain] RiServiceStatus: Initialize successful.
2024-01-15 23:21:58,147 DEBUG [restartedMain] RiProcurementProposal: Initialize successful.
2024-01-15 23:21:58,148 DEBUG [restartedMain] ServiceProposal: Initialize successful.
2024-01-15 23:21:58,148 DEBUG [restartedMain] Researcher: Initialize successful.
2024-01-15 23:21:58,149 DEBUG [restartedMain] institutions: Initialize successful.
2024-01-15 23:21:58,150 DEBUG [restartedMain] ResearchInstitution: Initialize successful.
2024-01-15 23:21:58,151 DEBUG [restartedMain] researchers: Initialize successful.
2024-01-15 23:21:58,152 DEBUG [restartedMain] RiCalendar: Initialize successful.
2024-01-15 23:21:58,169 DEBUG [restartedMain] AsyncConfiguration: Creating Async Task Executor
2024-01-15 23:21:58,180 DEBUG [restartedMain] LiquibaseConfiguration: Configuring Liquibase
2024-01-15 23:21:58,338 WARN  [riportal-task-1] AsyncSpringLiquibase: Starting Liquibase asynchronously, your database might not be ready at startup!
2024-01-15 23:21:59,076 WARN  [restartedMain] cache: HHH90001006: Missing cache[riportal.domain.RequestState] was created on-the-fly. The created cache will use a provider-specific default configuration: make sure you defined one. You can disable this warning by setting 'hibernate.javax.cache.missing_cache_strategy' to 'create'.
2024-01-15 23:21:59,079 DEBUG [restartedMain] RequestState: Initialize successful.
2024-01-15 23:21:59,080 WARN  [restartedMain] cache: HHH90001006: Missing cache[riportal.domain.InfrastructureProposalsLikes] was created on-the-fly. The created cache will use a provider-specific default configuration: make sure you defined one. You can disable this warning by setting 'hibernate.javax.cache.missing_cache_strategy' to 'create'.
2024-01-15 23:21:59,080 DEBUG [restartedMain] InfrastructureProposalsLikes: Initialize successful.
2024-01-15 23:21:59,081 WARN  [restartedMain] cache: HHH90001006: Missing cache[riportal.domain.ServiceProposalsLikes] was created on-the-fly. The created cache will use a provider-specific default configuration: make sure you defined one. You can disable this warning by setting 'hibernate.javax.cache.missing_cache_strategy' to 'create'.
2024-01-15 23:21:59,082 DEBUG [restartedMain] ServiceProposalsLikes: Initialize successful.
2024-01-15 23:21:59,083 WARN  [restartedMain] cache: HHH90001006: Missing cache[riportal.domain.ResearchInfrastructure.images] was created on-the-fly. The created cache will use a provider-specific default configuration: make sure you defined one. You can disable this warning by setting 'hibernate.javax.cache.missing_cache_strategy' to 'create'.
2024-01-15 23:21:59,084 DEBUG [restartedMain] images: Initialize successful.
2024-01-15 23:21:59,084 WARN  [restartedMain] cache: HHH90001006: Missing cache[riportal.domain.InfrastructureImage] was created on-the-fly. The created cache will use a provider-specific default configuration: make sure you defined one. You can disable this warning by setting 'hibernate.javax.cache.missing_cache_strategy' to 'create'.
2024-01-15 23:21:59,085 DEBUG [restartedMain] InfrastructureImage: Initialize successful.
2024-01-15 23:21:59,086 WARN  [restartedMain] cache: HHH90001006: Missing cache[riportal.domain.PortalUserStatus] was created on-the-fly. The created cache will use a provider-specific default configuration: make sure you defined one. You can disable this warning by setting 'hibernate.javax.cache.missing_cache_strategy' to 'create'.
2024-01-15 23:21:59,086 DEBUG [restartedMain] PortalUserStatus: Initialize successful.
2024-01-15 23:21:59,661 DEBUG [restartedMain] FilesStorageServiceImpl: Enter: init() with argument[s] = []
2024-01-15 23:21:59,668 DEBUG [restartedMain] FilesStorageServiceImpl: Exit: init() with result = null
2024-01-15 23:21:59,754 DEBUG [restartedMain] TokenProvider: Using a Base64-encoded JWT secret key
2024-01-15 23:22:00,030 DEBUG [riportal-task-1] AsyncSpringLiquibase: Liquibase has updated your database in 1690 ms
2024-01-15 23:22:01,153 WARN  [restartedMain] NamedQuery: Finder method public abstract org.springframework.data.domain.Page riportal.repository.RiProcurementProposalRepository.findAllEditableForAdmin(org.springframework.data.domain.Pageable) is backed by a NamedQuery but contains a Pageable parameter! Sorting delivered via this Pageable will not be applied!
2024-01-15 23:22:01,158 WARN  [restartedMain] NamedQuery: Finder method public abstract org.springframework.data.domain.Page riportal.repository.RiProcurementProposalRepository.pronadjiAllEditableForUser(java.lang.Long,org.springframework.data.domain.Pageable) is backed by a NamedQuery but contains a Pageable parameter! Sorting delivered via this Pageable will not be applied!
2024-01-15 23:22:01,339 WARN  [restartedMain] NamedQuery: Finder method public abstract org.springframework.data.domain.Page riportal.repository.ServiceProposalRepository.findAllEditableForAdmin(org.springframework.data.domain.Pageable) is backed by a NamedQuery but contains a Pageable parameter! Sorting delivered via this Pageable will not be applied!
2024-01-15 23:22:01,341 WARN  [restartedMain] NamedQuery: Finder method public abstract org.springframework.data.domain.Page riportal.repository.ServiceProposalRepository.pronadjiAllEditableForUser(java.lang.Long,org.springframework.data.domain.Pageable) is backed by a NamedQuery but contains a Pageable parameter! Sorting delivered via this Pageable will not be applied!
2024-01-15 23:22:01,971 DEBUG [restartedMain] SwaggerAutoConfiguration: Starting Swagger
2024-01-15 23:22:01,976 DEBUG [restartedMain] SwaggerAutoConfiguration: Started Swagger in 4 ms
2024-01-15 23:22:03,607 INFO  [restartedMain] RiportalApp: Started RiportalApp in 8.477 seconds (JVM running for 9.003)
2024-01-15 23:22:03,611 INFO  [restartedMain] RiportalApp: 
----------------------------------------------------------
	Application 'riportal' is running! Access URLs:
	Local: 		http://localhost:80/
	External: 	http://192.168.0.39:80/
	Profile(s): 	[dev, swagger]
----------------------------------------------------------
2024-01-15 23:22:37,742 DEBUG [XNIO-1 task-13] CustomAuditEventRepository: Enter: add() with argument[s] = [AuditEvent [timestamp=2024-01-15T22:22:37.737726600Z, principal=anonymousUser, type=AUTHORIZATION_FAILURE, data={details=org.springframework.security.web.authentication.WebAuthenticationDetails@b364: RemoteIpAddress: 0:0:0:0:0:0:0:1; SessionId: null, type=org.springframework.security.access.AccessDeniedException, message=Access is denied}]]
2024-01-15 23:22:37,745 DEBUG [XNIO-1 task-13] CustomAuditEventRepository: Exit: add() with result = null
2024-01-15 23:22:37,753 WARN  [XNIO-1 task-13] AdviceTraits: Unauthorized: Full authentication is required to access this resource
2024-01-15 23:22:37,780 WARN  [XNIO-1 task-13] ExceptionHandlerExceptionResolver: Resolved [org.springframework.security.authentication.InsufficientAuthenticationException: Full authentication is required to access this resource]
2024-01-15 23:22:37,786 DEBUG [XNIO-1 task-16] RiServiceResource: Enter: countRiServicesPregled() with argument[s] = []
2024-01-15 23:22:37,786 DEBUG [XNIO-1 task-17] ResearchInfrastructureResource: Enter: countResearchInfrastructurePregled() with argument[s] = []
2024-01-15 23:22:37,786 DEBUG [XNIO-1 task-19] PortalUserResource: Enter: countPortalUsersPregled() with argument[s] = []
2024-01-15 23:22:37,786 DEBUG [XNIO-1 task-18] PortalUserOrganizationResource: Enter: countPortalUserOrganizationsPregled() with argument[s] = []
2024-01-15 23:22:37,788 DEBUG [XNIO-1 task-17] ResearchInfrastructureResource: REST request to get ResearchInfrastructure : {}
2024-01-15 23:22:37,788 DEBUG [XNIO-1 task-18] PortalUserOrganizationResource: REST request to get count of organizations: {}
2024-01-15 23:22:37,788 DEBUG [XNIO-1 task-16] RiServiceResource: REST request to get count of riservices: {}
2024-01-15 23:22:37,788 DEBUG [XNIO-1 task-17] ResearchInfrastructureService: Enter: countAll() with argument[s] = []
2024-01-15 23:22:37,789 DEBUG [XNIO-1 task-16] RiServiceService: Enter: countAll() with argument[s] = []
2024-01-15 23:22:37,789 DEBUG [XNIO-1 task-19] PortalUserResource: REST request to get count of portal users: {}
2024-01-15 23:22:37,789 DEBUG [XNIO-1 task-19] PortalUserService: Enter: countAll() with argument[s] = []
2024-01-15 23:22:37,812 DEBUG [XNIO-1 task-16] RiServiceService: Exit: countAll() with result = 0
2024-01-15 23:22:37,812 DEBUG [XNIO-1 task-17] ResearchInfrastructureService: Exit: countAll() with result = 0
2024-01-15 23:22:37,812 DEBUG [XNIO-1 task-19] PortalUserService: Exit: countAll() with result = 0
2024-01-15 23:22:37,812 DEBUG [XNIO-1 task-18] PortalUserOrganizationResource: Exit: countPortalUserOrganizationsPregled() with result = <200 OK OK,0,[]>
2024-01-15 23:22:37,814 DEBUG [XNIO-1 task-17] ResearchInfrastructureResource: Exit: countResearchInfrastructurePregled() with result = <200 OK OK,0,[]>
2024-01-15 23:22:37,815 DEBUG [XNIO-1 task-19] PortalUserResource: Exit: countPortalUsersPregled() with result = <200 OK OK,0,[]>
2024-01-15 23:22:37,816 DEBUG [XNIO-1 task-16] RiServiceResource: Exit: countRiServicesPregled() with result = <200 OK OK,0,[]>
2024-01-15 23:23:43,785 DEBUG [XNIO-1 task-47] CustomAuditEventRepository: Enter: add() with argument[s] = [AuditEvent [timestamp=2024-01-15T22:23:43.785080100Z, principal=anonymousUser, type=AUTHORIZATION_FAILURE, data={details=org.springframework.security.web.authentication.WebAuthenticationDetails@1de6: RemoteIpAddress: 192.168.0.39; SessionId: null, type=org.springframework.security.access.AccessDeniedException, message=Access is denied}]]
2024-01-15 23:23:43,786 DEBUG [XNIO-1 task-47] CustomAuditEventRepository: Exit: add() with result = null
2024-01-15 23:23:43,787 WARN  [XNIO-1 task-47] AdviceTraits: Unauthorized: Full authentication is required to access this resource
2024-01-15 23:23:43,788 WARN  [XNIO-1 task-47] ExceptionHandlerExceptionResolver: Resolved [org.springframework.security.authentication.InsufficientAuthenticationException: Full authentication is required to access this resource]
2024-01-15 23:23:43,956 DEBUG [XNIO-1 task-48] RiServiceResource: Enter: countRiServicesPregled() with argument[s] = []
2024-01-15 23:23:43,956 DEBUG [XNIO-1 task-48] RiServiceResource: REST request to get count of riservices: {}
2024-01-15 23:23:43,956 DEBUG [XNIO-1 task-48] RiServiceService: Enter: countAll() with argument[s] = []
2024-01-15 23:23:43,957 DEBUG [XNIO-1 task-48] RiServiceService: Exit: countAll() with result = 0
2024-01-15 23:23:43,959 DEBUG [XNIO-1 task-48] RiServiceResource: Exit: countRiServicesPregled() with result = <200 OK OK,0,[]>
2024-01-15 23:23:43,960 DEBUG [XNIO-1 task-49] ResearchInfrastructureResource: Enter: countResearchInfrastructurePregled() with argument[s] = []
2024-01-15 23:23:43,960 DEBUG [XNIO-1 task-49] ResearchInfrastructureResource: REST request to get ResearchInfrastructure : {}
2024-01-15 23:23:43,960 DEBUG [XNIO-1 task-49] ResearchInfrastructureService: Enter: countAll() with argument[s] = []
2024-01-15 23:23:43,965 DEBUG [XNIO-1 task-50] PortalUserOrganizationResource: Enter: countPortalUserOrganizationsPregled() with argument[s] = []
2024-01-15 23:23:43,965 DEBUG [XNIO-1 task-50] PortalUserOrganizationResource: REST request to get count of organizations: {}
2024-01-15 23:23:43,966 DEBUG [XNIO-1 task-49] ResearchInfrastructureService: Exit: countAll() with result = 0
2024-01-15 23:23:43,967 DEBUG [XNIO-1 task-50] PortalUserOrganizationResource: Exit: countPortalUserOrganizationsPregled() with result = <200 OK OK,0,[]>
2024-01-15 23:23:43,967 DEBUG [XNIO-1 task-49] ResearchInfrastructureResource: Exit: countResearchInfrastructurePregled() with result = <200 OK OK,0,[]>
2024-01-15 23:23:43,969 DEBUG [XNIO-1 task-51] PortalUserResource: Enter: countPortalUsersPregled() with argument[s] = []
2024-01-15 23:23:43,969 DEBUG [XNIO-1 task-51] PortalUserResource: REST request to get count of portal users: {}
2024-01-15 23:23:43,969 DEBUG [XNIO-1 task-51] PortalUserService: Enter: countAll() with argument[s] = []
2024-01-15 23:23:43,972 DEBUG [XNIO-1 task-51] PortalUserService: Exit: countAll() with result = 0
2024-01-15 23:23:43,973 DEBUG [XNIO-1 task-51] PortalUserResource: Exit: countPortalUsersPregled() with result = <200 OK OK,0,[]>
2024-01-15 23:35:01,219 DEBUG [XNIO-1 task-111] CustomAuditEventRepository: Enter: add() with argument[s] = [AuditEvent [timestamp=2024-01-15T22:35:01.218417300Z, principal=anonymousUser, type=AUTHORIZATION_FAILURE, data={details=org.springframework.security.web.authentication.WebAuthenticationDetails@1de6: RemoteIpAddress: 192.168.0.39; SessionId: null, type=org.springframework.security.access.AccessDeniedException, message=Access is denied}]]
2024-01-15 23:35:01,220 DEBUG [XNIO-1 task-111] CustomAuditEventRepository: Exit: add() with result = null
2024-01-15 23:35:01,221 WARN  [XNIO-1 task-111] AdviceTraits: Unauthorized: Full authentication is required to access this resource
2024-01-15 23:35:01,223 WARN  [XNIO-1 task-111] ExceptionHandlerExceptionResolver: Resolved [org.springframework.security.authentication.InsufficientAuthenticationException: Full authentication is required to access this resource]
2024-01-15 23:35:01,280 DEBUG [XNIO-1 task-112] RiServiceResource: Enter: countRiServicesPregled() with argument[s] = []
2024-01-15 23:35:01,280 DEBUG [XNIO-1 task-115] PortalUserResource: Enter: countPortalUsersPregled() with argument[s] = []
2024-01-15 23:35:01,280 DEBUG [XNIO-1 task-113] ResearchInfrastructureResource: Enter: countResearchInfrastructurePregled() with argument[s] = []
2024-01-15 23:35:01,280 DEBUG [XNIO-1 task-114] PortalUserOrganizationResource: Enter: countPortalUserOrganizationsPregled() with argument[s] = []
2024-01-15 23:35:01,280 DEBUG [XNIO-1 task-112] RiServiceResource: REST request to get count of riservices: {}
2024-01-15 23:35:01,280 DEBUG [XNIO-1 task-115] PortalUserResource: REST request to get count of portal users: {}
2024-01-15 23:35:01,280 DEBUG [XNIO-1 task-113] ResearchInfrastructureResource: REST request to get ResearchInfrastructure : {}
2024-01-15 23:35:01,280 DEBUG [XNIO-1 task-114] PortalUserOrganizationResource: REST request to get count of organizations: {}
2024-01-15 23:35:01,280 DEBUG [XNIO-1 task-112] RiServiceService: Enter: countAll() with argument[s] = []
2024-01-15 23:35:01,280 DEBUG [XNIO-1 task-115] PortalUserService: Enter: countAll() with argument[s] = []
2024-01-15 23:35:01,280 DEBUG [XNIO-1 task-113] ResearchInfrastructureService: Enter: countAll() with argument[s] = []
2024-01-15 23:35:01,282 DEBUG [XNIO-1 task-112] RiServiceService: Exit: countAll() with result = 0
2024-01-15 23:35:01,283 DEBUG [XNIO-1 task-112] RiServiceResource: Exit: countRiServicesPregled() with result = <200 OK OK,0,[]>
2024-01-15 23:35:01,285 DEBUG [XNIO-1 task-115] PortalUserService: Exit: countAll() with result = 0
2024-01-15 23:35:01,285 DEBUG [XNIO-1 task-114] PortalUserOrganizationResource: Exit: countPortalUserOrganizationsPregled() with result = <200 OK OK,0,[]>
2024-01-15 23:35:01,285 DEBUG [XNIO-1 task-113] ResearchInfrastructureService: Exit: countAll() with result = 0
2024-01-15 23:35:01,286 DEBUG [XNIO-1 task-113] ResearchInfrastructureResource: Exit: countResearchInfrastructurePregled() with result = <200 OK OK,0,[]>
2024-01-15 23:35:01,286 DEBUG [XNIO-1 task-115] PortalUserResource: Exit: countPortalUsersPregled() with result = <200 OK OK,0,[]>
2024-01-15 23:35:55,151 DEBUG [XNIO-1 task-11] CustomAuditEventRepository: Enter: add() with argument[s] = [AuditEvent [timestamp=2024-01-15T22:35:55.151042800Z, principal=anonymousUser, type=AUTHORIZATION_FAILURE, data={details=org.springframework.security.web.authentication.WebAuthenticationDetails@1de6: RemoteIpAddress: 192.168.0.39; SessionId: null, type=org.springframework.security.access.AccessDeniedException, message=Access is denied}]]
2024-01-15 23:35:55,152 DEBUG [XNIO-1 task-11] CustomAuditEventRepository: Exit: add() with result = null
2024-01-15 23:35:55,153 WARN  [XNIO-1 task-11] AdviceTraits: Unauthorized: Full authentication is required to access this resource
2024-01-15 23:35:55,154 WARN  [XNIO-1 task-11] ExceptionHandlerExceptionResolver: Resolved [org.springframework.security.authentication.InsufficientAuthenticationException: Full authentication is required to access this resource]
2024-01-15 23:35:55,203 DEBUG [XNIO-1 task-12] PortalUserResource: Enter: countPortalUsersPregled() with argument[s] = []
2024-01-15 23:35:55,203 DEBUG [XNIO-1 task-9] ResearchInfrastructureResource: Enter: countResearchInfrastructurePregled() with argument[s] = []
2024-01-15 23:35:55,203 DEBUG [XNIO-1 task-12] PortalUserResource: REST request to get count of portal users: {}
2024-01-15 23:35:55,203 DEBUG [XNIO-1 task-10] RiServiceResource: Enter: countRiServicesPregled() with argument[s] = []
2024-01-15 23:35:55,203 DEBUG [XNIO-1 task-9] ResearchInfrastructureResource: REST request to get ResearchInfrastructure : {}
2024-01-15 23:35:55,203 DEBUG [XNIO-1 task-8] PortalUserOrganizationResource: Enter: countPortalUserOrganizationsPregled() with argument[s] = []
2024-01-15 23:35:55,203 DEBUG [XNIO-1 task-10] RiServiceResource: REST request to get count of riservices: {}
2024-01-15 23:35:55,203 DEBUG [XNIO-1 task-12] PortalUserService: Enter: countAll() with argument[s] = []
2024-01-15 23:35:55,204 DEBUG [XNIO-1 task-9] ResearchInfrastructureService: Enter: countAll() with argument[s] = []
2024-01-15 23:35:55,203 DEBUG [XNIO-1 task-8] PortalUserOrganizationResource: REST request to get count of organizations: {}
2024-01-15 23:35:55,204 DEBUG [XNIO-1 task-10] RiServiceService: Enter: countAll() with argument[s] = []
2024-01-15 23:35:55,205 DEBUG [XNIO-1 task-12] PortalUserService: Exit: countAll() with result = 0
2024-01-15 23:35:55,205 DEBUG [XNIO-1 task-12] PortalUserResource: Exit: countPortalUsersPregled() with result = <200 OK OK,0,[]>
2024-01-15 23:35:55,206 DEBUG [XNIO-1 task-10] RiServiceService: Exit: countAll() with result = 0
2024-01-15 23:35:55,206 DEBUG [XNIO-1 task-8] PortalUserOrganizationResource: Exit: countPortalUserOrganizationsPregled() with result = <200 OK OK,0,[]>
2024-01-15 23:35:55,206 DEBUG [XNIO-1 task-9] ResearchInfrastructureService: Exit: countAll() with result = 0
2024-01-15 23:35:55,207 DEBUG [XNIO-1 task-9] ResearchInfrastructureResource: Exit: countResearchInfrastructurePregled() with result = <200 OK OK,0,[]>
2024-01-15 23:35:55,208 DEBUG [XNIO-1 task-10] RiServiceResource: Exit: countRiServicesPregled() with result = <200 OK OK,0,[]>
2024-01-15 23:39:07,212 DEBUG [XNIO-1 task-42] CustomAuditEventRepository: Enter: add() with argument[s] = [AuditEvent [timestamp=2024-01-15T22:39:07.212035500Z, principal=anonymousUser, type=AUTHORIZATION_FAILURE, data={details=org.springframework.security.web.authentication.WebAuthenticationDetails@1de6: RemoteIpAddress: 192.168.0.39; SessionId: null, type=org.springframework.security.access.AccessDeniedException, message=Access is denied}]]
2024-01-15 23:39:07,213 DEBUG [XNIO-1 task-42] CustomAuditEventRepository: Exit: add() with result = null
2024-01-15 23:39:07,214 WARN  [XNIO-1 task-42] AdviceTraits: Unauthorized: Full authentication is required to access this resource
2024-01-15 23:39:07,215 WARN  [XNIO-1 task-42] ExceptionHandlerExceptionResolver: Resolved [org.springframework.security.authentication.InsufficientAuthenticationException: Full authentication is required to access this resource]
2024-01-15 23:39:07,333 DEBUG [XNIO-1 task-43] RiServiceResource: Enter: countRiServicesPregled() with argument[s] = []
2024-01-15 23:39:07,333 DEBUG [XNIO-1 task-43] RiServiceResource: REST request to get count of riservices: {}
2024-01-15 23:39:07,333 DEBUG [XNIO-1 task-44] ResearchInfrastructureResource: Enter: countResearchInfrastructurePregled() with argument[s] = []
2024-01-15 23:39:07,334 DEBUG [XNIO-1 task-44] ResearchInfrastructureResource: REST request to get ResearchInfrastructure : {}
2024-01-15 23:39:07,334 DEBUG [XNIO-1 task-43] RiServiceService: Enter: countAll() with argument[s] = []
2024-01-15 23:39:07,334 DEBUG [XNIO-1 task-44] ResearchInfrastructureService: Enter: countAll() with argument[s] = []
2024-01-15 23:39:07,334 DEBUG [XNIO-1 task-45] PortalUserOrganizationResource: Enter: countPortalUserOrganizationsPregled() with argument[s] = []
2024-01-15 23:39:07,334 DEBUG [XNIO-1 task-46] PortalUserResource: Enter: countPortalUsersPregled() with argument[s] = []
2024-01-15 23:39:07,334 DEBUG [XNIO-1 task-45] PortalUserOrganizationResource: REST request to get count of organizations: {}
2024-01-15 23:39:07,334 DEBUG [XNIO-1 task-46] PortalUserResource: REST request to get count of portal users: {}
2024-01-15 23:39:07,334 DEBUG [XNIO-1 task-46] PortalUserService: Enter: countAll() with argument[s] = []
2024-01-15 23:39:07,335 DEBUG [XNIO-1 task-44] ResearchInfrastructureService: Exit: countAll() with result = 0
2024-01-15 23:39:07,335 DEBUG [XNIO-1 task-45] PortalUserOrganizationResource: Exit: countPortalUserOrganizationsPregled() with result = <200 OK OK,0,[]>
2024-01-15 23:39:07,335 DEBUG [XNIO-1 task-46] PortalUserService: Exit: countAll() with result = 0
2024-01-15 23:39:07,336 DEBUG [XNIO-1 task-44] ResearchInfrastructureResource: Exit: countResearchInfrastructurePregled() with result = <200 OK OK,0,[]>
2024-01-15 23:39:07,336 DEBUG [XNIO-1 task-46] PortalUserResource: Exit: countPortalUsersPregled() with result = <200 OK OK,0,[]>
2024-01-15 23:39:07,337 DEBUG [XNIO-1 task-43] RiServiceService: Exit: countAll() with result = 0
2024-01-15 23:39:07,338 DEBUG [XNIO-1 task-43] RiServiceResource: Exit: countRiServicesPregled() with result = <200 OK OK,0,[]>
2024-01-15 23:41:13,262 DEBUG [XNIO-1 task-67] CustomAuditEventRepository: Enter: add() with argument[s] = [AuditEvent [timestamp=2024-01-15T22:41:13.262374300Z, principal=anonymousUser, type=AUTHORIZATION_FAILURE, data={details=org.springframework.security.web.authentication.WebAuthenticationDetails@1de6: RemoteIpAddress: 192.168.0.39; SessionId: null, type=org.springframework.security.access.AccessDeniedException, message=Access is denied}]]
2024-01-15 23:41:13,262 DEBUG [XNIO-1 task-67] CustomAuditEventRepository: Exit: add() with result = null
2024-01-15 23:41:13,263 WARN  [XNIO-1 task-67] AdviceTraits: Unauthorized: Full authentication is required to access this resource
2024-01-15 23:41:13,264 WARN  [XNIO-1 task-67] ExceptionHandlerExceptionResolver: Resolved [org.springframework.security.authentication.InsufficientAuthenticationException: Full authentication is required to access this resource]
2024-01-15 23:41:13,356 DEBUG [XNIO-1 task-65] RiServiceResource: Enter: countRiServicesPregled() with argument[s] = []
2024-01-15 23:41:13,357 DEBUG [XNIO-1 task-65] RiServiceResource: REST request to get count of riservices: {}
2024-01-15 23:41:13,357 DEBUG [XNIO-1 task-65] RiServiceService: Enter: countAll() with argument[s] = []
2024-01-15 23:41:13,358 DEBUG [XNIO-1 task-65] RiServiceService: Exit: countAll() with result = 0
2024-01-15 23:41:13,360 DEBUG [XNIO-1 task-65] RiServiceResource: Exit: countRiServicesPregled() with result = <200 OK OK,0,[]>
2024-01-15 23:41:13,361 DEBUG [XNIO-1 task-68] ResearchInfrastructureResource: Enter: countResearchInfrastructurePregled() with argument[s] = []
2024-01-15 23:41:13,361 DEBUG [XNIO-1 task-68] ResearchInfrastructureResource: REST request to get ResearchInfrastructure : {}
2024-01-15 23:41:13,361 DEBUG [XNIO-1 task-68] ResearchInfrastructureService: Enter: countAll() with argument[s] = []
2024-01-15 23:41:13,362 DEBUG [XNIO-1 task-68] ResearchInfrastructureService: Exit: countAll() with result = 0
2024-01-15 23:41:13,363 DEBUG [XNIO-1 task-68] ResearchInfrastructureResource: Exit: countResearchInfrastructurePregled() with result = <200 OK OK,0,[]>
2024-01-15 23:41:13,364 DEBUG [XNIO-1 task-69] PortalUserOrganizationResource: Enter: countPortalUserOrganizationsPregled() with argument[s] = []
2024-01-15 23:41:13,364 DEBUG [XNIO-1 task-69] PortalUserOrganizationResource: REST request to get count of organizations: {}
2024-01-15 23:41:13,367 DEBUG [XNIO-1 task-69] PortalUserOrganizationResource: Exit: countPortalUserOrganizationsPregled() with result = <200 OK OK,0,[]>
2024-01-15 23:41:13,371 DEBUG [XNIO-1 task-70] PortalUserResource: Enter: countPortalUsersPregled() with argument[s] = []
2024-01-15 23:41:13,372 DEBUG [XNIO-1 task-70] PortalUserResource: REST request to get count of portal users: {}
2024-01-15 23:41:13,372 DEBUG [XNIO-1 task-70] PortalUserService: Enter: countAll() with argument[s] = []
2024-01-15 23:41:13,373 DEBUG [XNIO-1 task-70] PortalUserService: Exit: countAll() with result = 0
2024-01-15 23:41:13,374 DEBUG [XNIO-1 task-70] PortalUserResource: Exit: countPortalUsersPregled() with result = <200 OK OK,0,[]>
